
/home/runner/work/exp-finite-capacity-multi-server-iitd/exp-finite-capacity-multi-server-iitd/experiment/simulation/js/main.js
   67:5   warning  'blocked' is assigned a value but never used  no-unused-vars
   98:5   warning  'google' is not defined                       no-undef
  102:5   warning  'google' is not defined                       no-undef
  109:16  warning  'google' is not defined                       no-undef
  130:21  warning  'google' is not defined                       no-undef
  181:10  warning  'startSimulation' is defined but never used   no-unused-vars
  197:9   warning  'in_use' is assigned a value but never used   no-unused-vars
  349:9   warning  'Ts' is assigned a value but never used       no-unused-vars
  358:9   warning  'ex_st' is assigned a value but never used    no-unused-vars
  361:9   warning  'th_st' is assigned a value but never used    no-unused-vars
  391:27  warning  Use the isNaN function to compare with NaN    use-isnan
  397:27  warning  Use the isNaN function to compare with NaN    use-isnan
  403:27  warning  Use the isNaN function to compare with NaN    use-isnan
  416:27  warning  Use the isNaN function to compare with NaN    use-isnan
  430:27  warning  Use the isNaN function to compare with NaN    use-isnan
  434:27  warning  Use the isNaN function to compare with NaN    use-isnan
  438:27  warning  Use the isNaN function to compare with NaN    use-isnan
  442:27  warning  Use the isNaN function to compare with NaN    use-isnan
  446:27  warning  Use the isNaN function to compare with NaN    use-isnan
  450:27  warning  Use the isNaN function to compare with NaN    use-isnan
  464:27  warning  Use the isNaN function to compare with NaN    use-isnan
  468:27  warning  Use the isNaN function to compare with NaN    use-isnan
  481:10  warning  'stopSimulation' is defined but never used    no-unused-vars
  490:12  warning  'google' is not defined                       no-undef

✖ 24 problems (0 errors, 24 warnings)

